[0.126s] [34mcolcon[0m [1;30mDEBUG[0m [32mCommand line arguments: ['/home/mostafa/miniconda3/envs/kitti/bin/colcon', 'build'][0m
[0.126s] [34mcolcon[0m [1;30mDEBUG[0m [32mParsed command line arguments: Namespace(log_base=None, log_level=None, verb_name='build', build_base='build', install_base='install', merge_install=False, symlink_install=False, test_result_base=None, continue_on_error=False, executor='parallel', parallel_workers=8, event_handlers=None, ignore_user_meta=False, metas=['./colcon.meta'], base_paths=['.'], packages_ignore=None, packages_ignore_regex=None, paths=None, packages_up_to=None, packages_up_to_regex=None, packages_above=None, packages_above_and_dependencies=None, packages_above_depth=None, packages_select_by_dep=None, packages_skip_by_dep=None, packages_skip_up_to=None, packages_select_build_failed=False, packages_skip_build_finished=False, packages_select_test_failures=False, packages_skip_test_passed=False, packages_select=None, packages_skip=None, packages_select_regex=None, packages_skip_regex=None, packages_start=None, packages_end=None, cmake_args=None, cmake_target=None, cmake_target_skip_unavailable=False, cmake_clean_cache=False, cmake_clean_first=False, cmake_force_configure=False, ament_cmake_args=None, catkin_cmake_args=None, catkin_skip_building_tests=False, verb_parser=<colcon_defaults.argument_parser.defaults.DefaultArgumentsDecorator object at 0x74e8eabddea0>, verb_extension=<colcon_core.verb.build.BuildVerb object at 0x74e8eabdd990>, main=<bound method BuildVerb.main of <colcon_core.verb.build.BuildVerb object at 0x74e8eabdd990>>)[0m
[0.281s] [34mcolcon.colcon_core.package_discovery[0m [1;30mLevel 1[0m discover_packages(colcon_meta) check parameters
[0.282s] [34mcolcon.colcon_core.package_discovery[0m [1;30mLevel 1[0m discover_packages(recursive) check parameters
[0.282s] [34mcolcon.colcon_core.package_discovery[0m [1;30mLevel 1[0m discover_packages(ignore) check parameters
[0.282s] [34mcolcon.colcon_core.package_discovery[0m [1;30mLevel 1[0m discover_packages(path) check parameters
[0.282s] [34mcolcon.colcon_core.package_discovery[0m [1;30mLevel 1[0m discover_packages(colcon_meta) discover
[0.282s] [34mcolcon.colcon_core.package_discovery[0m [1;30mLevel 1[0m discover_packages(recursive) discover
[0.282s] [34mcolcon.colcon_core.package_discovery[0m [1;30mINFO[0m Crawling recursively for packages in '/media/mostafa/Data/Git Repos/perception_testing_task/ros2_ws/src/detection_package'
[0.282s] [34mcolcon.colcon_core.package_identification[0m [1;30mLevel 1[0m _identify(.) by extensions ['ignore', 'ignore_ament_install']
[0.282s] [34mcolcon.colcon_core.package_identification[0m [1;30mLevel 1[0m _identify(.) by extension 'ignore'
[0.282s] [34mcolcon.colcon_core.package_identification[0m [1;30mLevel 1[0m _identify(.) by extension 'ignore_ament_install'
[0.283s] [34mcolcon.colcon_core.package_identification[0m [1;30mLevel 1[0m _identify(.) by extensions ['colcon_pkg']
[0.283s] [34mcolcon.colcon_core.package_identification[0m [1;30mLevel 1[0m _identify(.) by extension 'colcon_pkg'
[0.283s] [34mcolcon.colcon_core.package_identification[0m [1;30mLevel 1[0m _identify(.) by extensions ['colcon_meta']
[0.283s] [34mcolcon.colcon_core.package_identification[0m [1;30mLevel 1[0m _identify(.) by extension 'colcon_meta'
[0.283s] [34mcolcon.colcon_core.package_identification[0m [1;30mLevel 1[0m _identify(.) by extensions ['ros']
[0.283s] [34mcolcon.colcon_core.package_identification[0m [1;30mLevel 1[0m _identify(.) by extension 'ros'
[0.313s] [34mcolcon.colcon_core.package_identification[0m [1;30mDEBUG[0m [32mPackage '.' with type 'ros.ament_python' and name 'detection_package'[0m
[0.313s] [34mcolcon.colcon_core.package_discovery[0m [1;30mLevel 1[0m discover_packages(recursive) using defaults
[0.313s] [34mcolcon.colcon_core.package_discovery[0m [1;30mLevel 1[0m discover_packages(ignore) discover
[0.313s] [34mcolcon.colcon_core.package_discovery[0m [1;30mLevel 1[0m discover_packages(ignore) using defaults
[0.313s] [34mcolcon.colcon_core.package_discovery[0m [1;30mLevel 1[0m discover_packages(path) discover
[0.313s] [34mcolcon.colcon_core.package_discovery[0m [1;30mLevel 1[0m discover_packages(path) using defaults
[0.328s] [34mcolcon.colcon_core.verb[0m [1;30mLevel 5[0m set package 'detection_package' build argument 'cmake_args' from command line to 'None'
[0.328s] [34mcolcon.colcon_core.verb[0m [1;30mLevel 5[0m set package 'detection_package' build argument 'cmake_target' from command line to 'None'
[0.328s] [34mcolcon.colcon_core.verb[0m [1;30mLevel 5[0m set package 'detection_package' build argument 'cmake_target_skip_unavailable' from command line to 'False'
[0.328s] [34mcolcon.colcon_core.verb[0m [1;30mLevel 5[0m set package 'detection_package' build argument 'cmake_clean_cache' from command line to 'False'
[0.328s] [34mcolcon.colcon_core.verb[0m [1;30mLevel 5[0m set package 'detection_package' build argument 'cmake_clean_first' from command line to 'False'
[0.328s] [34mcolcon.colcon_core.verb[0m [1;30mLevel 5[0m set package 'detection_package' build argument 'cmake_force_configure' from command line to 'False'
[0.328s] [34mcolcon.colcon_core.verb[0m [1;30mLevel 5[0m set package 'detection_package' build argument 'ament_cmake_args' from command line to 'None'
[0.328s] [34mcolcon.colcon_core.verb[0m [1;30mLevel 5[0m set package 'detection_package' build argument 'catkin_cmake_args' from command line to 'None'
[0.328s] [34mcolcon.colcon_core.verb[0m [1;30mLevel 5[0m set package 'detection_package' build argument 'catkin_skip_building_tests' from command line to 'False'
[0.328s] [34mcolcon.colcon_core.verb[0m [1;30mDEBUG[0m [32mBuilding package 'detection_package' with the following arguments: {'ament_cmake_args': None, 'build_base': '/media/mostafa/Data/Git Repos/perception_testing_task/ros2_ws/src/detection_package/build/detection_package', 'catkin_cmake_args': None, 'catkin_skip_building_tests': False, 'cmake_args': None, 'cmake_clean_cache': False, 'cmake_clean_first': False, 'cmake_force_configure': False, 'cmake_target': None, 'cmake_target_skip_unavailable': False, 'install_base': '/media/mostafa/Data/Git Repos/perception_testing_task/ros2_ws/src/detection_package/install/detection_package', 'merge_install': False, 'path': '/media/mostafa/Data/Git Repos/perception_testing_task/ros2_ws/src/detection_package', 'symlink_install': False, 'test_result_base': None}[0m
[0.328s] [34mcolcon.colcon_core.executor[0m [1;30mINFO[0m Executing jobs using 'parallel' executor
[0.329s] [34mcolcon.colcon_parallel_executor.executor.parallel[0m [1;30mDEBUG[0m [32mrun_until_complete[0m
[0.329s] [34mcolcon.colcon_ros.task.ament_python.build[0m [1;30mINFO[0m Building ROS package in '/media/mostafa/Data/Git Repos/perception_testing_task/ros2_ws/src/detection_package' with build type 'ament_python'
[0.329s] [34mcolcon.colcon_core.shell[0m [1;30mLevel 1[0m create_environment_hook('detection_package', 'ament_prefix_path')
[0.331s] [34mcolcon.colcon_core.plugin_system[0m [1;30mINFO[0m Skipping extension 'colcon_core.shell.bat': Not used on non-Windows systems
[0.331s] [34mcolcon.colcon_core.shell[0m [1;30mINFO[0m Creating environment hook '/media/mostafa/Data/Git Repos/perception_testing_task/ros2_ws/src/detection_package/install/detection_package/share/detection_package/hook/ament_prefix_path.ps1'
[0.340s] [34mcolcon.colcon_core.shell[0m [1;30mINFO[0m Creating environment descriptor '/media/mostafa/Data/Git Repos/perception_testing_task/ros2_ws/src/detection_package/install/detection_package/share/detection_package/hook/ament_prefix_path.dsv'
[0.341s] [34mcolcon.colcon_core.shell[0m [1;30mINFO[0m Creating environment hook '/media/mostafa/Data/Git Repos/perception_testing_task/ros2_ws/src/detection_package/install/detection_package/share/detection_package/hook/ament_prefix_path.sh'
[0.342s] [34mcolcon.colcon_core.shell[0m [1;30mINFO[0m Skip shell extension 'powershell' for command environment: Not usable outside of PowerShell
[0.342s] [34mcolcon.colcon_core.shell[0m [1;30mDEBUG[0m [32mSkip shell extension 'dsv' for command environment[0m
[1.036s] [34mcolcon.colcon_core.task.python.build[0m [1;30mINFO[0m Building Python package in '/media/mostafa/Data/Git Repos/perception_testing_task/ros2_ws/src/detection_package'
[1.037s] [34mcolcon.colcon_core.shell[0m [1;30mINFO[0m Skip shell extension 'powershell' for command environment: Not usable outside of PowerShell
[1.037s] [34mcolcon.colcon_core.shell[0m [1;30mDEBUG[0m [32mSkip shell extension 'dsv' for command environment[0m
[2.100s] [34mcolcon.colcon_core.event_handler.log_command[0m [1;30mDEBUG[0m [32mInvoking command in '/media/mostafa/Data/Git Repos/perception_testing_task/ros2_ws/src/detection_package': CONDA_PROMPT_MODIFIER=(kitti) PYTHONPATH=/media/mostafa/Data/Git Repos/perception_testing_task/ros2_ws/src/detection_package/build/detection_package/prefix_override:/home/mostafa/miniconda3/envs/kitti/lib/python3.10/site-packages/colcon_core/task/python/colcon_distutils_commands:/media/mostafa/Data/Git Repos/perception_testing_task/ros2_ws/src/detection_package/install/detection_package/lib/python3.10/site-packages:${PYTHONPATH} /home/mostafa/miniconda3/envs/kitti/bin/python3.10 -W ignore:setup.py install is deprecated setup.py egg_info --egg-base build/detection_package build --build-base /media/mostafa/Data/Git Repos/perception_testing_task/ros2_ws/src/detection_package/build/detection_package/build install --record /media/mostafa/Data/Git Repos/perception_testing_task/ros2_ws/src/detection_package/build/detection_package/install.log --single-version-externally-managed install_data[0m
[3.744s] [34mcolcon.colcon_core.event_handler.log_command[0m [1;30mDEBUG[0m [32mInvoked command in '/media/mostafa/Data/Git Repos/perception_testing_task/ros2_ws/src/detection_package' returned '0': CONDA_PROMPT_MODIFIER=(kitti) PYTHONPATH=/media/mostafa/Data/Git Repos/perception_testing_task/ros2_ws/src/detection_package/build/detection_package/prefix_override:/home/mostafa/miniconda3/envs/kitti/lib/python3.10/site-packages/colcon_core/task/python/colcon_distutils_commands:/media/mostafa/Data/Git Repos/perception_testing_task/ros2_ws/src/detection_package/install/detection_package/lib/python3.10/site-packages:${PYTHONPATH} /home/mostafa/miniconda3/envs/kitti/bin/python3.10 -W ignore:setup.py install is deprecated setup.py egg_info --egg-base build/detection_package build --build-base /media/mostafa/Data/Git Repos/perception_testing_task/ros2_ws/src/detection_package/build/detection_package/build install --record /media/mostafa/Data/Git Repos/perception_testing_task/ros2_ws/src/detection_package/build/detection_package/install.log --single-version-externally-managed install_data[0m
[3.746s] [34mcolcon.colcon_core.environment[0m [1;30mLevel 1[0m checking '/media/mostafa/Data/Git Repos/perception_testing_task/ros2_ws/src/detection_package/install/detection_package' for CMake module files
[3.749s] [34mcolcon.colcon_core.environment[0m [1;30mLevel 1[0m checking '/media/mostafa/Data/Git Repos/perception_testing_task/ros2_ws/src/detection_package/install/detection_package' for CMake config files
[3.754s] [34mcolcon.colcon_core.environment[0m [1;30mLevel 1[0m checking '/media/mostafa/Data/Git Repos/perception_testing_task/ros2_ws/src/detection_package/install/detection_package/lib'
[3.754s] [34mcolcon.colcon_core.environment[0m [1;30mLevel 1[0m checking '/media/mostafa/Data/Git Repos/perception_testing_task/ros2_ws/src/detection_package/install/detection_package/bin'
[3.755s] [34mcolcon.colcon_core.environment[0m [1;30mLevel 1[0m checking '/media/mostafa/Data/Git Repos/perception_testing_task/ros2_ws/src/detection_package/install/detection_package/lib/pkgconfig/detection_package.pc'
[3.755s] [34mcolcon.colcon_core.environment[0m [1;30mLevel 1[0m checking '/media/mostafa/Data/Git Repos/perception_testing_task/ros2_ws/src/detection_package/install/detection_package/lib/python3.10/site-packages'
[3.755s] [34mcolcon.colcon_core.shell[0m [1;30mLevel 1[0m create_environment_hook('detection_package', 'pythonpath')
[3.756s] [34mcolcon.colcon_core.shell[0m [1;30mINFO[0m Creating environment hook '/media/mostafa/Data/Git Repos/perception_testing_task/ros2_ws/src/detection_package/install/detection_package/share/detection_package/hook/pythonpath.ps1'
[3.757s] [34mcolcon.colcon_core.shell[0m [1;30mINFO[0m Creating environment descriptor '/media/mostafa/Data/Git Repos/perception_testing_task/ros2_ws/src/detection_package/install/detection_package/share/detection_package/hook/pythonpath.dsv'
[3.758s] [34mcolcon.colcon_core.shell[0m [1;30mINFO[0m Creating environment hook '/media/mostafa/Data/Git Repos/perception_testing_task/ros2_ws/src/detection_package/install/detection_package/share/detection_package/hook/pythonpath.sh'
[3.759s] [34mcolcon.colcon_core.environment[0m [1;30mLevel 1[0m checking '/media/mostafa/Data/Git Repos/perception_testing_task/ros2_ws/src/detection_package/install/detection_package/bin'
[3.759s] [34mcolcon.colcon_core.environment[0m [1;30mLevel 1[0m create_environment_scripts_only(detection_package)
[3.760s] [34mcolcon.colcon_core.shell[0m [1;30mINFO[0m Creating package script '/media/mostafa/Data/Git Repos/perception_testing_task/ros2_ws/src/detection_package/install/detection_package/share/detection_package/package.ps1'
[3.761s] [34mcolcon.colcon_core.shell[0m [1;30mINFO[0m Creating package descriptor '/media/mostafa/Data/Git Repos/perception_testing_task/ros2_ws/src/detection_package/install/detection_package/share/detection_package/package.dsv'
[3.762s] [34mcolcon.colcon_core.shell[0m [1;30mINFO[0m Creating package script '/media/mostafa/Data/Git Repos/perception_testing_task/ros2_ws/src/detection_package/install/detection_package/share/detection_package/package.sh'
[3.764s] [34mcolcon.colcon_core.shell[0m [1;30mINFO[0m Creating package script '/media/mostafa/Data/Git Repos/perception_testing_task/ros2_ws/src/detection_package/install/detection_package/share/detection_package/package.bash'
[3.769s] [34mcolcon.colcon_core.shell[0m [1;30mINFO[0m Creating package script '/media/mostafa/Data/Git Repos/perception_testing_task/ros2_ws/src/detection_package/install/detection_package/share/detection_package/package.zsh'
[3.771s] [34mcolcon.colcon_core.environment[0m [1;30mLevel 1[0m create_file_with_runtime_dependencies(/media/mostafa/Data/Git Repos/perception_testing_task/ros2_ws/src/detection_package/install/detection_package/share/colcon-core/packages/detection_package)
[3.772s] [34mcolcon.colcon_parallel_executor.executor.parallel[0m [1;30mDEBUG[0m [32mclosing loop[0m
[3.772s] [34mcolcon.colcon_parallel_executor.executor.parallel[0m [1;30mDEBUG[0m [32mloop closed[0m
[3.772s] [34mcolcon.colcon_parallel_executor.executor.parallel[0m [1;30mDEBUG[0m [32mrun_until_complete finished with '0'[0m
[3.772s] [34mcolcon.colcon_core.event_reactor[0m [1;30mDEBUG[0m [32mjoining thread[0m
[3.773s] [34mcolcon.colcon_core.event_reactor[0m [1;30mDEBUG[0m [32mjoined thread[0m
[3.774s] [34mcolcon.colcon_core.shell[0m [1;30mINFO[0m Creating prefix script '/media/mostafa/Data/Git Repos/perception_testing_task/ros2_ws/src/detection_package/install/local_setup.ps1'
[3.775s] [34mcolcon.colcon_core.shell[0m [1;30mINFO[0m Creating prefix util module '/media/mostafa/Data/Git Repos/perception_testing_task/ros2_ws/src/detection_package/install/_local_setup_util_ps1.py'
[3.778s] [34mcolcon.colcon_core.shell[0m [1;30mINFO[0m Creating prefix chain script '/media/mostafa/Data/Git Repos/perception_testing_task/ros2_ws/src/detection_package/install/setup.ps1'
[3.780s] [34mcolcon.colcon_core.shell[0m [1;30mINFO[0m Creating prefix script '/media/mostafa/Data/Git Repos/perception_testing_task/ros2_ws/src/detection_package/install/local_setup.sh'
[3.781s] [34mcolcon.colcon_core.shell[0m [1;30mINFO[0m Creating prefix util module '/media/mostafa/Data/Git Repos/perception_testing_task/ros2_ws/src/detection_package/install/_local_setup_util_sh.py'
[3.782s] [34mcolcon.colcon_core.shell[0m [1;30mINFO[0m Creating prefix chain script '/media/mostafa/Data/Git Repos/perception_testing_task/ros2_ws/src/detection_package/install/setup.sh'
[3.783s] [34mcolcon.colcon_core.shell[0m [1;30mINFO[0m Creating prefix script '/media/mostafa/Data/Git Repos/perception_testing_task/ros2_ws/src/detection_package/install/local_setup.bash'
[3.784s] [34mcolcon.colcon_core.shell[0m [1;30mINFO[0m Creating prefix chain script '/media/mostafa/Data/Git Repos/perception_testing_task/ros2_ws/src/detection_package/install/setup.bash'
[3.785s] [34mcolcon.colcon_core.shell[0m [1;30mINFO[0m Creating prefix script '/media/mostafa/Data/Git Repos/perception_testing_task/ros2_ws/src/detection_package/install/local_setup.zsh'
[3.786s] [34mcolcon.colcon_core.shell[0m [1;30mINFO[0m Creating prefix chain script '/media/mostafa/Data/Git Repos/perception_testing_task/ros2_ws/src/detection_package/install/setup.zsh'
