/media/mostafa/Data/Git Repos/perception_testing_task/ros2_ws/src/detection_package/install/detection_package/lib/python3.10/site-packages/detection_package/fusion_node.py
/media/mostafa/Data/Git Repos/perception_testing_task/ros2_ws/src/detection_package/install/detection_package/lib/python3.10/site-packages/detection_package/image_detection_node.py
/media/mostafa/Data/Git Repos/perception_testing_task/ros2_ws/src/detection_package/install/detection_package/lib/python3.10/site-packages/detection_package/lidar_detection_node.py
/media/mostafa/Data/Git Repos/perception_testing_task/ros2_ws/src/detection_package/install/detection_package/lib/python3.10/site-packages/detection_package/__init__.py
/media/mostafa/Data/Git Repos/perception_testing_task/ros2_ws/src/detection_package/install/detection_package/lib/python3.10/site-packages/detection_package/__pycache__/fusion_node.cpython-310.pyc
/media/mostafa/Data/Git Repos/perception_testing_task/ros2_ws/src/detection_package/install/detection_package/lib/python3.10/site-packages/detection_package/__pycache__/image_detection_node.cpython-310.pyc
/media/mostafa/Data/Git Repos/perception_testing_task/ros2_ws/src/detection_package/install/detection_package/lib/python3.10/site-packages/detection_package/__pycache__/lidar_detection_node.cpython-310.pyc
/media/mostafa/Data/Git Repos/perception_testing_task/ros2_ws/src/detection_package/install/detection_package/lib/python3.10/site-packages/detection_package/__pycache__/__init__.cpython-310.pyc
/media/mostafa/Data/Git Repos/perception_testing_task/ros2_ws/src/detection_package/install/detection_package/share/ament_index/resource_index/packages/detection_package
/media/mostafa/Data/Git Repos/perception_testing_task/ros2_ws/src/detection_package/install/detection_package/share/detection_package/package.xml
/media/mostafa/Data/Git Repos/perception_testing_task/ros2_ws/src/detection_package/install/detection_package/lib/python3.10/site-packages/detection_package-0.0.0-py3.10.egg-info/dependency_links.txt
/media/mostafa/Data/Git Repos/perception_testing_task/ros2_ws/src/detection_package/install/detection_package/lib/python3.10/site-packages/detection_package-0.0.0-py3.10.egg-info/entry_points.txt
/media/mostafa/Data/Git Repos/perception_testing_task/ros2_ws/src/detection_package/install/detection_package/lib/python3.10/site-packages/detection_package-0.0.0-py3.10.egg-info/PKG-INFO
/media/mostafa/Data/Git Repos/perception_testing_task/ros2_ws/src/detection_package/install/detection_package/lib/python3.10/site-packages/detection_package-0.0.0-py3.10.egg-info/requires.txt
/media/mostafa/Data/Git Repos/perception_testing_task/ros2_ws/src/detection_package/install/detection_package/lib/python3.10/site-packages/detection_package-0.0.0-py3.10.egg-info/SOURCES.txt
/media/mostafa/Data/Git Repos/perception_testing_task/ros2_ws/src/detection_package/install/detection_package/lib/python3.10/site-packages/detection_package-0.0.0-py3.10.egg-info/top_level.txt
/media/mostafa/Data/Git Repos/perception_testing_task/ros2_ws/src/detection_package/install/detection_package/lib/python3.10/site-packages/detection_package-0.0.0-py3.10.egg-info/zip-safe
/media/mostafa/Data/Git Repos/perception_testing_task/ros2_ws/src/detection_package/install/detection_package/lib/detection_package/fusion_node
/media/mostafa/Data/Git Repos/perception_testing_task/ros2_ws/src/detection_package/install/detection_package/lib/detection_package/image_detection_node
/media/mostafa/Data/Git Repos/perception_testing_task/ros2_ws/src/detection_package/install/detection_package/lib/detection_package/lidar_detection_node
