[1.770s] Invoking command in '/media/mostafa/Data/Git Repos/perception_testing_task/ros2_ws/src/detection_package': CONDA_PROMPT_MODIFIER=(kitti) PYTHONPATH=/media/mostafa/Data/Git Repos/perception_testing_task/ros2_ws/src/detection_package/build/detection_package/prefix_override:/home/mostafa/miniconda3/envs/kitti/lib/python3.10/site-packages/colcon_core/task/python/colcon_distutils_commands:/media/mostafa/Data/Git Repos/perception_testing_task/ros2_ws/src/detection_package/install/detection_package/lib/python3.10/site-packages:${PYTHONPATH} /home/mostafa/miniconda3/envs/kitti/bin/python3.10 -W ignore:setup.py install is deprecated setup.py egg_info --egg-base build/detection_package build --build-base /media/mostafa/Data/Git Repos/perception_testing_task/ros2_ws/src/detection_package/build/detection_package/build install --record /media/mostafa/Data/Git Repos/perception_testing_task/ros2_ws/src/detection_package/build/detection_package/install.log --single-version-externally-managed install_data
[2.570s] running egg_info
[2.571s] creating build/detection_package/detection_package.egg-info
[2.634s] writing build/detection_package/detection_package.egg-info/PKG-INFO
[2.692s] writing dependency_links to build/detection_package/detection_package.egg-info/dependency_links.txt
[2.835s] writing entry points to build/detection_package/detection_package.egg-info/entry_points.txt
[2.926s] writing requirements to build/detection_package/detection_package.egg-info/requires.txt
[2.992s] writing top-level names to build/detection_package/detection_package.egg-info/top_level.txt
[2.992s] writing manifest file 'build/detection_package/detection_package.egg-info/SOURCES.txt'
[3.072s] reading manifest file 'build/detection_package/detection_package.egg-info/SOURCES.txt'
[3.075s] writing manifest file 'build/detection_package/detection_package.egg-info/SOURCES.txt'
[3.075s] running build
[3.075s] running build_py
[3.076s] creating /media/mostafa/Data/Git Repos/perception_testing_task/ros2_ws/src/detection_package/build/detection_package/build
[3.076s] creating /media/mostafa/Data/Git Repos/perception_testing_task/ros2_ws/src/detection_package/build/detection_package/build/lib
[3.076s] creating /media/mostafa/Data/Git Repos/perception_testing_task/ros2_ws/src/detection_package/build/detection_package/build/lib/detection_package
[3.077s] copying detection_package/fusion_node.py -> /media/mostafa/Data/Git Repos/perception_testing_task/ros2_ws/src/detection_package/build/detection_package/build/lib/detection_package
[3.078s] copying detection_package/image_detection_node.py -> /media/mostafa/Data/Git Repos/perception_testing_task/ros2_ws/src/detection_package/build/detection_package/build/lib/detection_package
[3.079s] copying detection_package/lidar_detection_node.py -> /media/mostafa/Data/Git Repos/perception_testing_task/ros2_ws/src/detection_package/build/detection_package/build/lib/detection_package
[3.080s] copying detection_package/__init__.py -> /media/mostafa/Data/Git Repos/perception_testing_task/ros2_ws/src/detection_package/build/detection_package/build/lib/detection_package
[3.080s] running install
[3.091s] running install_lib
[3.154s] creating /media/mostafa/Data/Git Repos/perception_testing_task/ros2_ws/src/detection_package/install/detection_package/lib/python3.10/site-packages/detection_package
[3.154s] copying /media/mostafa/Data/Git Repos/perception_testing_task/ros2_ws/src/detection_package/build/detection_package/build/lib/detection_package/fusion_node.py -> /media/mostafa/Data/Git Repos/perception_testing_task/ros2_ws/src/detection_package/install/detection_package/lib/python3.10/site-packages/detection_package
[3.156s] copying /media/mostafa/Data/Git Repos/perception_testing_task/ros2_ws/src/detection_package/build/detection_package/build/lib/detection_package/image_detection_node.py -> /media/mostafa/Data/Git Repos/perception_testing_task/ros2_ws/src/detection_package/install/detection_package/lib/python3.10/site-packages/detection_package
[3.157s] copying /media/mostafa/Data/Git Repos/perception_testing_task/ros2_ws/src/detection_package/build/detection_package/build/lib/detection_package/lidar_detection_node.py -> /media/mostafa/Data/Git Repos/perception_testing_task/ros2_ws/src/detection_package/install/detection_package/lib/python3.10/site-packages/detection_package
[3.158s] copying /media/mostafa/Data/Git Repos/perception_testing_task/ros2_ws/src/detection_package/build/detection_package/build/lib/detection_package/__init__.py -> /media/mostafa/Data/Git Repos/perception_testing_task/ros2_ws/src/detection_package/install/detection_package/lib/python3.10/site-packages/detection_package
[3.160s] byte-compiling /media/mostafa/Data/Git Repos/perception_testing_task/ros2_ws/src/detection_package/install/detection_package/lib/python3.10/site-packages/detection_package/fusion_node.py to fusion_node.cpython-310.pyc
[3.162s] byte-compiling /media/mostafa/Data/Git Repos/perception_testing_task/ros2_ws/src/detection_package/install/detection_package/lib/python3.10/site-packages/detection_package/image_detection_node.py to image_detection_node.cpython-310.pyc
[3.165s] byte-compiling /media/mostafa/Data/Git Repos/perception_testing_task/ros2_ws/src/detection_package/install/detection_package/lib/python3.10/site-packages/detection_package/lidar_detection_node.py to lidar_detection_node.cpython-310.pyc
[3.168s] byte-compiling /media/mostafa/Data/Git Repos/perception_testing_task/ros2_ws/src/detection_package/install/detection_package/lib/python3.10/site-packages/detection_package/__init__.py to __init__.cpython-310.pyc
[3.170s] running install_data
[3.170s] creating /media/mostafa/Data/Git Repos/perception_testing_task/ros2_ws/src/detection_package/install/detection_package/share/ament_index
[3.171s] creating /media/mostafa/Data/Git Repos/perception_testing_task/ros2_ws/src/detection_package/install/detection_package/share/ament_index/resource_index
[3.171s] creating /media/mostafa/Data/Git Repos/perception_testing_task/ros2_ws/src/detection_package/install/detection_package/share/ament_index/resource_index/packages
[3.172s] copying resource/detection_package -> /media/mostafa/Data/Git Repos/perception_testing_task/ros2_ws/src/detection_package/install/detection_package/share/ament_index/resource_index/packages
[3.173s] copying package.xml -> /media/mostafa/Data/Git Repos/perception_testing_task/ros2_ws/src/detection_package/install/detection_package/share/detection_package
[3.174s] running install_egg_info
[3.241s] Copying build/detection_package/detection_package.egg-info to /media/mostafa/Data/Git Repos/perception_testing_task/ros2_ws/src/detection_package/install/detection_package/lib/python3.10/site-packages/detection_package-0.0.0-py3.10.egg-info
[3.251s] running install_scripts
[3.384s] Installing fusion_node script to /media/mostafa/Data/Git Repos/perception_testing_task/ros2_ws/src/detection_package/install/detection_package/lib/detection_package
[3.385s] Installing image_detection_node script to /media/mostafa/Data/Git Repos/perception_testing_task/ros2_ws/src/detection_package/install/detection_package/lib/detection_package
[3.385s] Installing lidar_detection_node script to /media/mostafa/Data/Git Repos/perception_testing_task/ros2_ws/src/detection_package/install/detection_package/lib/detection_package
[3.386s] writing list of installed files to '/media/mostafa/Data/Git Repos/perception_testing_task/ros2_ws/src/detection_package/build/detection_package/install.log'
[3.414s] Invoked command in '/media/mostafa/Data/Git Repos/perception_testing_task/ros2_ws/src/detection_package' returned '0': CONDA_PROMPT_MODIFIER=(kitti) PYTHONPATH=/media/mostafa/Data/Git Repos/perception_testing_task/ros2_ws/src/detection_package/build/detection_package/prefix_override:/home/mostafa/miniconda3/envs/kitti/lib/python3.10/site-packages/colcon_core/task/python/colcon_distutils_commands:/media/mostafa/Data/Git Repos/perception_testing_task/ros2_ws/src/detection_package/install/detection_package/lib/python3.10/site-packages:${PYTHONPATH} /home/mostafa/miniconda3/envs/kitti/bin/python3.10 -W ignore:setup.py install is deprecated setup.py egg_info --egg-base build/detection_package build --build-base /media/mostafa/Data/Git Repos/perception_testing_task/ros2_ws/src/detection_package/build/detection_package/build install --record /media/mostafa/Data/Git Repos/perception_testing_task/ros2_ws/src/detection_package/build/detection_package/install.log --single-version-externally-managed install_data
